750
164
87
561
275
34
536
694
132
506
539
436
437 337
266 54
112
925
147 528
941 47
923
334
660 372
85 84
552 904
441
29
30 27
32 256
283
397
577 115
689 609
272
308
933
258
411
284
908
631 151
844
301
488
989
737 289
827
764
803
457
328
451
745
406
249 257
786
846 783
612 798
546
203
793 794
7
79 76
205
82 80
199 198
138 427
254
88 513
192
90
501 622
226 527
325
644
16
790
606
248 341
104 231
695 932
255
105 946
206 234
165 12
540
2 373
135
39
116 876
118 37
159
121
201
17
217
316
736
639
707
133 131
951
136
169 168
139
140
393
962
532
227 353
490 897
747
213
964
605
41
613
878
972
232
317
486
157 454
113
494 444
425
749 974
171 339
776
173 523
176
123 949
229
179
905
910 264
799
619 696
722
978
822
190 188
721 916
149
50
195 191
387
4
382 445
911 338
489
767
863
43
207 461
389
717 415
449 447
782 765
820
947 101
204 321
987
706
399 700
315
221 218
499
954
592
842
302
472
900
433
233
358
738
237 236
239
153 327
241
627
723
330 270
265
98
412
202
252 587
596
485
386 796
13
14
371 368
259 676
670 952
97 52
267
785
452 163
271 10
167
520
197
664 958
23
674 6
279
450
281
89
852
870
663
287
288 285
924
313
673 402
3
291 250
640
742
431
712
549
212
556
92
907
688
304 715
838 837
311
5
403 53
314
342
420
435
1
189
56
570
538
647
500
253 881
772
340
778
332
743
323
826
708
808 383
542 134
497
343 824
346
293
261
588
350 290
965 156
887
559
295 66
518 686
564 607
42
360
361
277
650
434 324
366 365
730
181
729
58 720
64 215
482 753
936
187
968 589
849
77
479
938
108 547
356
21
296
806 262
390 200
830
502
326
83
642
616
419 834
672
508
122
633 385
128 469
81
409 484
414 413
416
651 273
636 751
106
421
509
242 982
141
426 769
610
983
354
60
718
906
48
935
815
276
804
96 162
438 476
661 223
701 86
448
682
575
895
944
244 243
456
67 344
521 31
69 892
614
621
656
653 306
210
245
956 375
470 624
731 495
142
632 214
555
629
109
480
183 961
127
274
739
487 388
899
219
517 857
890
493
507
26 117
150 988
615 498
999 617
680
503 558
732
565
11
45
576
209
511 510
512 735
802
969
516
297 464
329
333
524 93
175 666
278
525 269
566 984
893
626
812
787
357
839
63
505
823
541
537 977
428 146
821
921
381
848
280 684
548 828
554
72 71
981 903
557
562 937
813 894
750 726
177
331 835
477
33
854
679
819
571 873
367
364
473
608 770
909 46
665 580
581 398
391
585 583
586 8
889
791
591
225
836
292
78
442
829
599 99
602
603 882
915 912
843
811
774 898
111
611
348
129 155
758 384
573 471
9
184
260
145
768
530
335 424
19
336 862
439
475 432
481 492
934 789
867
859
379
691
247
752 51
130 553
902 797
652
780
648
649
404
224 620
460
654
114 884
305
65 816
659 657
662 410
196
914
36 810
667
158 868
154
671
75
35
268
677
228
655
879 600
363 545
690
531
687
851
888
818 49
458 635
263 643
929 634
630 68
351
698 697
996 418
534 124
703 579
57 710
980 160
443 466
814 716
20 858
896
567
107
491
675 985
966
777
235
519
809
658
693
727
728
942
504
166
756
832 563
960 126
222
869
544 355
641
807
724
468
740 582
597
320
913
685 102
380
637 522
309
755
771
757
872 529
760 759
725
186
784
766
646
578 59
405 459
377
137 885
94 705
369
748
775
22
453
240
714 825
208
645
939
971
286
788 180
550
572 376
319
779
957 455
423
618 185
590 817
514
598 595
569
781 711
761
24
800 322
861 422
312
871 891
860
170
300
310 359
719
440
70
378
370
216
560
62
638
831
833 119
91 408
926
754
298
841 182
746
886
623
845
847 61
374
349
850
683 681
856 853
25
855
478 395
430
396
294
103
733
864
865
669
144 744
995 993
44 40
692
874
875
568 318
877
709 625
880
465 307
883 601
963
668 161
678
152 930
74
100
543 919
429
515
463
238 535
282
299
901 345
125
533
28
95 394
38
551
220
483
713
604
959
918 628
994
975
920 401
953 840
347
18 15
702
928 927
230
931
73
594
574
211
446
526
699 143
178
795 417
251
945 496
948
120
950
741
0 474
467
462
194
584
734
110
593
400
805 392
407 762
967 773
193
970
704
174
973 172
866 246
976
917
979 55
303
148
940 943
986
922
955
801 763
991 990
992
362
792
997
998
352
